<?xml version="1.0" encoding="UTF-8"?>
<!-- Generated by org.testng.reporters.JUnitReportReporter -->
<testsuite skipped="0" hostname="AHB-LAP" name="com.allipo.test.ValidateIPOListPageTest" tests="1" failures="0" timestamp="21 Jul 2018 05:14:41 GMT" time="54.735" errors="0">
  <testcase name="validateLoginTest" time="54.735" classname="com.allipo.test.ValidateIPOListPageTest"/>
</testsuite> <!-- com.allipo.test.ValidateIPOListPageTest -->
