<?xml version="1.0" encoding="UTF-8"?>
<!-- Generated by org.testng.reporters.JUnitReportReporter -->
<testsuite skipped="0" hostname="AHB-LAP" name="com.allipo.test.ValidateListPageTest" tests="1" failures="0" timestamp="24 Jul 2018 06:16:12 GMT" time="0.386" errors="0">
  <testcase name="validateLoginTest" time="0.386" classname="com.allipo.test.ValidateListPageTest"/>
</testsuite> <!-- com.allipo.test.ValidateListPageTest -->
